2023-05-12 17:01:31,733 =============================================================
2023-05-12 17:01:31,733 =============================================================
2023-05-12 17:01:31,733 Today is 2023-05-12 at 05:01 PM
2023-05-12 17:01:31,754 This file is running on: nt Windows 10
2023-05-12 17:01:31,754 The Python version is: 3.11.3
2023-05-12 17:01:31,754 The active conda environment is:  None
2023-05-12 17:01:31,754 The active pip environment is:    None
2023-05-12 17:01:31,754 The active environment path is:   C:\Users\habto\AppData\Local\Programs\Python\Python311
2023-05-12 17:01:31,754 The current working directory is: C:\Users\habto\Desktop\NWMS classes\Data Fundamentals\Module-1\datafun-01-getting-started
2023-05-12 17:01:31,759 This source file is in:           c:\Users\habto\Desktop\NWMS classes\Data Fundamentals\Module-1\datafun-01-getting-started
2023-05-12 17:01:31,759 =============================================================
2023-05-12 17:01:31,759 =============================================================
2023-05-12 17:01:31,759 Name: John Doe 
2023-05-12 17:01:31,759 State: California
2023-05-12 17:01:31,759 Country: USA
2023-05-12 17:01:31,759 Pet count: 1
2023-05-12 17:01:31,759 Skill count: 24
2023-05-12 17:01:31,759 Temperature: 81.5
2023-05-12 17:01:31,759 Pet weight: 12.5
2023-05-12 17:01:31,759 Has dog: False
2023-05-12 17:01:31,759 Likes analytics: True
2023-05-12 17:01:31,759 Likes Python: True
